Flow report for mipsProcessor
Tue Jul 20 11:59:26 2021
Quartus Prime Version 19.1.0 Build 670 09/22/2019 SJ Lite Edition


---------------------
; Table of Contents ;
---------------------
  1. Legal Notice
  2. Flow Summary
  3. Flow Settings
  4. Flow Non-Default Global Settings
  5. Flow Elapsed Time
  6. Flow OS Summary
  7. Flow Log
  8. Flow Messages
  9. Flow Suppressed Messages



----------------
; Legal Notice ;
----------------
Copyright (C) 2019  Intel Corporation. All rights reserved.
Your use of Intel Corporation's design tools, logic functions 
and other software and tools, and any partner logic 
functions, and any output files from any of the foregoing 
(including device programming or simulation files), and any 
associated documentation or information are expressly subject 
to the terms and conditions of the Intel Program License 
Subscription Agreement, the Intel Quartus Prime License Agreement,
the Intel FPGA IP License Agreement, or other applicable license
agreement, including, without limitation, that your use is for
the sole purpose of programming logic devices manufactured by
Intel and sold by Intel or its authorized distributors.  Please
refer to the applicable agreement for further details, at
https://fpgasoftware.intel.com/eula.



+----------------------------------------------------------------------------------+
; Flow Summary                                                                     ;
+------------------------------------+---------------------------------------------+
; Flow Status                        ; Successful - Tue Jul 20 11:59:26 2021       ;
; Quartus Prime Version              ; 19.1.0 Build 670 09/22/2019 SJ Lite Edition ;
; Revision Name                      ; mipsProcessor                               ;
; Top-level Entity Name              ; mipsProcessor                               ;
; Family                             ; Cyclone IV E                                ;
; Device                             ; EP4CE115F29C7                               ;
; Timing Models                      ; Final                                       ;
; Total logic elements               ; 307 / 114,480 ( < 1 % )                     ;
;     Total combinational functions  ; 305 / 114,480 ( < 1 % )                     ;
;     Dedicated logic registers      ; 109 / 114,480 ( < 1 % )                     ;
; Total registers                    ; 109                                         ;
; Total pins                         ; 295 / 529 ( 56 % )                          ;
; Total virtual pins                 ; 0                                           ;
; Total memory bits                  ; 256 / 3,981,312 ( < 1 % )                   ;
; Embedded Multiplier 9-bit elements ; 0 / 532 ( 0 % )                             ;
; Total PLLs                         ; 0 / 4 ( 0 % )                               ;
+------------------------------------+---------------------------------------------+


+-----------------------------------------+
; Flow Settings                           ;
+-------------------+---------------------+
; Option            ; Setting             ;
+-------------------+---------------------+
; Start date & time ; 07/20/2021 11:58:11 ;
; Main task         ; Compilation         ;
; Revision Name     ; mipsProcessor       ;
+-------------------+---------------------+


+-------------------------------------------------------------------------------------------------------------------------+
; Flow Non-Default Global Settings                                                                                        ;
+-------------------------------------+----------------------------------------+---------------+-------------+------------+
; Assignment Name                     ; Value                                  ; Default Value ; Entity Name ; Section Id ;
+-------------------------------------+----------------------------------------+---------------+-------------+------------+
; COMPILER_SIGNATURE_ID               ; 2543711158273.162679309108720          ; --            ; --          ; --         ;
; MAX_CORE_JUNCTION_TEMP              ; 85                                     ; --            ; --          ; --         ;
; MIN_CORE_JUNCTION_TEMP              ; 0                                      ; --            ; --          ; --         ;
; NOMINAL_CORE_SUPPLY_VOLTAGE         ; 1.2V                                   ; --            ; --          ; --         ;
; PARTITION_COLOR                     ; -- (Not supported for targeted family) ; --            ; --          ; Top        ;
; PARTITION_FITTER_PRESERVATION_LEVEL ; -- (Not supported for targeted family) ; --            ; --          ; Top        ;
; PARTITION_NETLIST_TYPE              ; -- (Not supported for targeted family) ; --            ; --          ; Top        ;
; PROJECT_OUTPUT_DIRECTORY            ; output_files                           ; --            ; --          ; --         ;
+-------------------------------------+----------------------------------------+---------------+-------------+------------+


+--------------------------------------------------------------------------------------------------------------------------+
; Flow Elapsed Time                                                                                                        ;
+----------------------+--------------+-------------------------+---------------------+------------------------------------+
; Module Name          ; Elapsed Time ; Average Processors Used ; Peak Virtual Memory ; Total CPU Time (on all processors) ;
+----------------------+--------------+-------------------------+---------------------+------------------------------------+
; Analysis & Synthesis ; 00:00:12     ; 1.0                     ; 4778 MB             ; 00:00:23                           ;
; Fitter               ; 00:00:38     ; 1.0                     ; 5767 MB             ; 00:00:47                           ;
; Assembler            ; 00:00:03     ; 1.0                     ; 4697 MB             ; 00:00:03                           ;
; Timing Analyzer      ; 00:00:03     ; 1.3                     ; 4862 MB             ; 00:00:03                           ;
; EDA Netlist Writer   ; 00:00:01     ; 1.0                     ; 4643 MB             ; 00:00:01                           ;
; EDA Netlist Writer   ; 00:00:01     ; 1.0                     ; 4655 MB             ; 00:00:01                           ;
; Total                ; 00:00:58     ; --                      ; --                  ; 00:01:18                           ;
+----------------------+--------------+-------------------------+---------------------+------------------------------------+


+------------------------------------------------------------------------------------+
; Flow OS Summary                                                                    ;
+----------------------+------------------+------------+------------+----------------+
; Module Name          ; Machine Hostname ; OS Name    ; OS Version ; Processor type ;
+----------------------+------------------+------------+------------+----------------+
; Analysis & Synthesis ; PAC-PC           ; Windows 10 ; 10.0       ; x86_64         ;
; Fitter               ; PAC-PC           ; Windows 10 ; 10.0       ; x86_64         ;
; Assembler            ; PAC-PC           ; Windows 10 ; 10.0       ; x86_64         ;
; Timing Analyzer      ; PAC-PC           ; Windows 10 ; 10.0       ; x86_64         ;
; EDA Netlist Writer   ; PAC-PC           ; Windows 10 ; 10.0       ; x86_64         ;
; EDA Netlist Writer   ; PAC-PC           ; Windows 10 ; 10.0       ; x86_64         ;
+----------------------+------------------+------------+------------+----------------+


------------
; Flow Log ;
------------
quartus_map --read_settings_files=on --write_settings_files=off mipsProcessor -c mipsProcessor
quartus_fit --read_settings_files=off --write_settings_files=off mipsProcessor -c mipsProcessor
quartus_asm --read_settings_files=off --write_settings_files=off mipsProcessor -c mipsProcessor
quartus_sta mipsProcessor -c mipsProcessor
quartus_eda --gen_testbench --tool=modelsim_oem --format=verilog --write_settings_files=off mipsProcessor -c mipsProcessor --vector_source="C:/Users/Victor Pedrota/Documents/projeto/Waveform1.vwf" --testbench_file="C:/Users/Victor Pedrota/Documents/projeto/simulation/qsim/Waveform1.vwf.vt"
quartus_eda --write_settings_files=off --simulation=on --functional=on --flatten_buses=off --tool=modelsim_oem --format=verilog --output_directory="C:/Users/Victor Pedrota/Documents/projeto/simulation/qsim/" mipsProcessor -c mipsProcessor



